This is pdfTeX, Version 3.141592653-2.6-1.40.24 (MiKTeX 22.3) (preloaded format=pdflatex 2022.4.1)  15 APR 2022 11:12
entering extended mode
 restricted \write18 enabled.
 file:line:error style messages enabled.
 %&-line parsing enabled.
**c:/Users/shahm/Documents/GitHub/CV-Resume/CV/cv_7.tex
(c:/Users/shahm/Documents/GitHub/CV-Resume/CV/cv_7.tex
LaTeX2e <2021-11-15> patch level 1
L3 programming layer <2022-02-24> (moderncv.cls
Document Class: moderncv 2012/10/31 v1.2.0 modern curriculum vitae and letter document class
(C:\Program Files\MiKTeX\tex/latex/base\size11.clo
File: size11.clo 2021/10/04 v1.4n Standard LaTeX file (size option)
) (C:\Program Files\MiKTeX\tex/latex/etoolbox\etoolbox.sty
Package: etoolbox 2020/10/05 v2.5k e-TeX tools for LaTeX (JAW)
\etb@tempcnta=\count185
) (C:\Program Files\MiKTeX\tex/latex/base\ifthen.sty
Package: ifthen 2020/11/24 v1.1c Standard LaTeX ifthen package (DPC)
) (C:\Program Files\MiKTeX\tex/latex/base\fontenc.sty
Package: fontenc 2021/04/29 v2.0v Standard LaTeX package
) (C:\Program Files\MiKTeX\tex/latex/lm\lmodern.sty
Package: lmodern 2009/10/30 v1.6 Latin Modern Fonts
LaTeX Font Info:    Overwriting symbol font `operators' in version `normal'
(Font)                  OT1/cmr/m/n --> OT1/lmr/m/n on input line 22.
LaTeX Font Info:    Overwriting symbol font `letters' in version `normal'
(Font)                  OML/cmm/m/it --> OML/lmm/m/it on input line 23.
LaTeX Font Info:    Overwriting symbol font `symbols' in version `normal'
(Font)                  OMS/cmsy/m/n --> OMS/lmsy/m/n on input line 24.
LaTeX Font Info:    Overwriting symbol font `largesymbols' in version `normal'
(Font)                  OMX/cmex/m/n --> OMX/lmex/m/n on input line 25.
LaTeX Font Info:    Overwriting symbol font `operators' in version `bold'
(Font)                  OT1/cmr/bx/n --> OT1/lmr/bx/n on input line 26.
LaTeX Font Info:    Overwriting symbol font `letters' in version `bold'
(Font)                  OML/cmm/b/it --> OML/lmm/b/it on input line 27.
LaTeX Font Info:    Overwriting symbol font `symbols' in version `bold'
(Font)                  OMS/cmsy/b/n --> OMS/lmsy/b/n on input line 28.
LaTeX Font Info:    Overwriting symbol font `largesymbols' in version `bold'
(Font)                  OMX/cmex/m/n --> OMX/lmex/m/n on input line 29.
LaTeX Font Info:    Overwriting math alphabet `\mathbf' in version `normal'
(Font)                  OT1/cmr/bx/n --> OT1/lmr/bx/n on input line 31.
LaTeX Font Info:    Overwriting math alphabet `\mathsf' in version `normal'
(Font)                  OT1/cmss/m/n --> OT1/lmss/m/n on input line 32.
LaTeX Font Info:    Overwriting math alphabet `\mathit' in version `normal'
(Font)                  OT1/cmr/m/it --> OT1/lmr/m/it on input line 33.
LaTeX Font Info:    Overwriting math alphabet `\mathtt' in version `normal'
(Font)                  OT1/cmtt/m/n --> OT1/lmtt/m/n on input line 34.
LaTeX Font Info:    Overwriting math alphabet `\mathbf' in version `bold'
(Font)                  OT1/cmr/bx/n --> OT1/lmr/bx/n on input line 35.
LaTeX Font Info:    Overwriting math alphabet `\mathsf' in version `bold'
(Font)                  OT1/cmss/bx/n --> OT1/lmss/bx/n on input line 36.
LaTeX Font Info:    Overwriting math alphabet `\mathit' in version `bold'
(Font)                  OT1/cmr/bx/it --> OT1/lmr/bx/it on input line 37.
LaTeX Font Info:    Overwriting math alphabet `\mathtt' in version `bold'
(Font)                  OT1/cmtt/m/n --> OT1/lmtt/m/n on input line 38.
) (C:\Program Files\MiKTeX\tex/latex/xcolor\xcolor.sty
Package: xcolor 2021/10/31 v2.13 LaTeX color extensions (UK)
 (C:\Program Files\MiKTeX\tex/latex/graphics-cfg\color.cfg
File: color.cfg 2016/01/02 v1.6 sample color configuration
)
Package xcolor Info: Driver file: pdftex.def on input line 227.
 (C:\Program Files\MiKTeX\tex/latex/graphics-def\pdftex.def
File: pdftex.def 2020/10/05 v1.2a Graphics/color driver for pdftex
)
Package xcolor Info: Model `cmy' substituted by `cmy0' on input line 1352.
Package xcolor Info: Model `hsb' substituted by `rgb' on input line 1356.
Package xcolor Info: Model `RGB' extended on input line 1368.
Package xcolor Info: Model `HTML' substituted by `rgb' on input line 1370.
Package xcolor Info: Model `Hsb' substituted by `hsb' on input line 1371.
Package xcolor Info: Model `tHsb' substituted by `hsb' on input line 1372.
Package xcolor Info: Model `HSB' substituted by `hsb' on input line 1373.
Package xcolor Info: Model `Gray' substituted by `gray' on input line 1374.
Package xcolor Info: Model `wave' substituted by `hsb' on input line 1375.
 (C:\Program Files\MiKTeX\tex/latex/graphics\dvipsnam.def
File: dvipsnam.def 2016/06/17 v3.0m Driver-dependent file (DPC,SPQR)
)) (C:\Program Files\MiKTeX\tex/latex/url\url.sty
\Urlmuskip=\muskip16
Package: url 2013/09/16  ver 3.4  Verb mode for urls, etc.
) (C:\Program Files\MiKTeX\tex/latex/graphics\graphicx.sty
Package: graphicx 2021/09/16 v1.2d Enhanced LaTeX Graphics (DPC,SPQR)
 (C:\Program Files\MiKTeX\tex/latex/graphics\keyval.sty
Package: keyval 2014/10/28 v1.15 key=value parser (DPC)
\KV@toks@=\toks16
) (C:\Program Files\MiKTeX\tex/latex/graphics\graphics.sty
Package: graphics 2021/03/04 v1.4d Standard LaTeX Graphics (DPC,SPQR)
 (C:\Program Files\MiKTeX\tex/latex/graphics\trig.sty
Package: trig 2021/08/11 v1.11 sin cos tan (DPC)
) (C:\Program Files\MiKTeX\tex/latex/graphics-cfg\graphics.cfg
File: graphics.cfg 2016/06/04 v1.11 sample graphics configuration
)
Package graphics Info: Driver file: pdftex.def on input line 107.
)
\Gin@req@height=\dimen138
\Gin@req@width=\dimen139
) (C:\Users\shahm\AppData\Roaming\MiKTeX\tex/latex/fancyhdr\fancyhdr.sty
Package: fancyhdr 2021/01/28 v4.0.1 Extensive control of page headers and footers
\f@nch@headwidth=\skip47
\f@nch@O@elh=\skip48
\f@nch@O@erh=\skip49
\f@nch@O@olh=\skip50
\f@nch@O@orh=\skip51
\f@nch@O@elf=\skip52
\f@nch@O@erf=\skip53
\f@nch@O@olf=\skip54
\f@nch@O@orf=\skip55
) (C:\Program Files\MiKTeX\tex/latex/tools\calc.sty
Package: calc 2017/05/25 v4.3 Infix arithmetic (KKT,FJ)
\calc@Acount=\count186
\calc@Bcount=\count187
\calc@Adimen=\dimen140
\calc@Bdimen=\dimen141
\calc@Askip=\skip56
\calc@Bskip=\skip57
LaTeX Info: Redefining \setlength on input line 80.
LaTeX Info: Redefining \addtolength on input line 81.
\calc@Ccount=\count188
\calc@Cskip=\skip58
) (C:\Users\shahm\AppData\Roaming\MiKTeX\tex/latex/xargs\xargs.sty
Package: xargs 2008/03/22 v1.1  extended macro definitions  (mpg)
 (C:\Program Files\MiKTeX\tex/latex/xkeyval\xkeyval.sty
Package: xkeyval 2020/11/20 v2.8 package option processing (HA)
 (C:\Program Files\MiKTeX\tex/generic/xkeyval\xkeyval.tex (C:\Program Files\MiKTeX\tex/generic/xkeyval\xkvutils.tex
\XKV@toks=\toks17
\XKV@tempa@toks=\toks18
)
\XKV@depth=\count189
File: xkeyval.tex 2014/12/03 v2.7a key=value parser (HA)
))
\xargs@max=\count190
\xargs@toksa=\toks19
\xargs@toksb=\toks20
) (C:\Users\shahm\AppData\Roaming\MiKTeX\tex/latex/microtype\microtype.sty
Package: microtype 2022/03/14 v3.0d Micro-typographical refinements (RS)
\MT@toks=\toks21
\MT@tempbox=\box50
\MT@count=\count191
LaTeX Info: Redefining \noprotrusionifhmode on input line 1027.
LaTeX Info: Redefining \leftprotrusion on input line 1028.
LaTeX Info: Redefining \rightprotrusion on input line 1036.
LaTeX Info: Redefining \textls on input line 1195.
\MT@outer@kern=\dimen142
LaTeX Info: Redefining \textmicrotypecontext on input line 1781.
\MT@listname@count=\count192
 (C:\Users\shahm\AppData\Roaming\MiKTeX\tex/latex/microtype\microtype-pdftex.def
File: microtype-pdftex.def 2022/03/14 v3.0d Definitions specific to pdftex (RS)
LaTeX Info: Redefining \lsstyle on input line 900.
LaTeX Info: Redefining \lslig on input line 900.
\MT@outer@space=\skip59
)
Package microtype Info: Loading configuration file microtype.cfg.
 (C:\Users\shahm\AppData\Roaming\MiKTeX\tex/latex/microtype\microtype.cfg
File: microtype.cfg 2022/03/14 v3.0d microtype main configuration file (RS)
)) (moderncvcompatibility.sty
Package: moderncvcompatibility 2012/10/31 v1.2.0 modern curriculum vitae and letter compatibility patches
) (C:\Users\shahm\AppData\Roaming\MiKTeX\tex/latex/bigfoot\suffix.sty
Package: suffix 2006/07/15 1.5a Variant command support
)
\bibindent=\skip60
 (tweaklist.sty)) (moderncvstylecasual.sty
Package: moderncvstylecasual 2012/10/31 v1.2.0 modern curriculum vitae and letter style scheme: casual
 (moderncvstyleclassic.sty
Package: moderncvstyleclassic 2012/10/31 v1.2.0 modern curriculum vitae and letter style scheme: classic
\quotewidth=\skip61
\hintscolumnwidth=\skip62
\separatorcolumnwidth=\skip63
\maincolumnwidth=\skip64
\doubleitemmaincolumnwidth=\skip65
\listitemsymbolwidth=\skip66
LaTeX Font Info:    Trying to load font information for U+mvs on input line 78.
 (C:\Users\shahm\AppData\Roaming\MiKTeX\tex/latex/marvosym\umvs.fd)
\listitemmaincolumnwidth=\skip67
\listdoubleitemmaincolumnwidth=\skip68
\makecvtitlenamewidth=\skip69
\baseletterheight=\skip70
\cvitemwithcommentmainbox=\box51
\cvitemwithcommentmainlength=\skip71
\cvitemwithcommentcommentlength=\skip72
)
\footerbox=\box52
\footertempbox=\box53
\footerwidth=\skip73
\footerboxwidth=\skip74
) (moderncvcolorblue.sty
Package: moderncvcolorblue 2012/10/31 v1.2.0 modern curriculum vitae and letter color scheme: blue
) (C:\Users\shahm\AppData\Roaming\MiKTeX\tex/latex/lipsum\lipsum.sty (C:\Program Files\MiKTeX\tex/latex/l3packages/l3keys2e\l3keys2e.sty (C:\Program Files\MiKTeX\tex/latex/l3kernel\expl3.sty
Package: expl3 2022-02-24 L3 programming layer (loader) 
 (C:\Program Files\MiKTeX\tex/latex/l3backend\l3backend-pdftex.def
File: l3backend-pdftex.def 2022-02-07 L3 backend support: PDF output (pdfTeX)
\l__color_backend_stack_int=\count193
\l__pdf_internal_box=\box54
))
Package: l3keys2e 2022-01-12 LaTeX2e option processing using LaTeX3 keys
)
Package: lipsum 2021-09-20 v2.7 150 paragraphs of Lorem Ipsum dummy text
\g__lipsum_par_int=\count194
\l__lipsum_a_int=\count195
\l__lipsum_b_int=\count196
 (C:\Users\shahm\AppData\Roaming\MiKTeX\tex/latex/lipsum\lipsum.ltd.tex)) (C:\Users\shahm\AppData\Roaming\MiKTeX\tex/latex/geometry\geometry.sty
Package: geometry 2020/01/02 v5.9 Page Geometry
 (C:\Program Files\MiKTeX\tex/generic/iftex\ifvtex.sty
Package: ifvtex 2019/10/25 v1.7 ifvtex legacy package. Use iftex instead.
 (C:\Program Files\MiKTeX\tex/generic/iftex\iftex.sty
Package: iftex 2022/02/03 v1.0f TeX engine tests
))
\Gm@cnth=\count197
\Gm@cntv=\count198
\c@Gm@tempcnt=\count199
\Gm@bindingoffset=\dimen143
\Gm@wd@mp=\dimen144
\Gm@odd@mp=\dimen145
\Gm@even@mp=\dimen146
\Gm@layoutwidth=\dimen147
\Gm@layoutheight=\dimen148
\Gm@layouthoffset=\dimen149
\Gm@layoutvoffset=\dimen150
\Gm@dimlist=\toks22
 (C:\Users\shahm\AppData\Roaming\MiKTeX\tex/latex/geometry\geometry.cfg)) (C:\Program Files\MiKTeX\tex/latex/hyperref\hyperref.sty
Package: hyperref 2022-02-21 v7.00n Hypertext links for LaTeX
 (C:\Users\shahm\AppData\Roaming\MiKTeX\tex/generic/ltxcmds\ltxcmds.sty
Package: ltxcmds 2020-05-10 v1.25 LaTeX kernel commands for general use (HO)
) (C:\Program Files\MiKTeX\tex/generic/pdftexcmds\pdftexcmds.sty
Package: pdftexcmds 2020-06-27 v0.33 Utility functions of pdfTeX for LuaTeX (HO)
 (C:\Users\shahm\AppData\Roaming\MiKTeX\tex/generic/infwarerr\infwarerr.sty
Package: infwarerr 2019/12/03 v1.5 Providing info/warning/error messages (HO)
)
Package pdftexcmds Info: \pdf@primitive is available.
Package pdftexcmds Info: \pdf@ifprimitive is available.
Package pdftexcmds Info: \pdfdraftmode found.
) (C:\Users\shahm\AppData\Roaming\MiKTeX\tex/generic/kvsetkeys\kvsetkeys.sty
Package: kvsetkeys 2019/12/15 v1.18 Key value parser (HO)
) (C:\Users\shahm\AppData\Roaming\MiKTeX\tex/generic/kvdefinekeys\kvdefinekeys.sty
Package: kvdefinekeys 2019-12-19 v1.6 Define keys (HO)
) (C:\Users\shahm\AppData\Roaming\MiKTeX\tex/generic/pdfescape\pdfescape.sty
Package: pdfescape 2019/12/09 v1.15 Implements pdfTeX's escape features (HO)
) (C:\Users\shahm\AppData\Roaming\MiKTeX\tex/latex/hycolor\hycolor.sty
Package: hycolor 2020-01-27 v1.10 Color options for hyperref/bookmark (HO)
) (C:\Users\shahm\AppData\Roaming\MiKTeX\tex/latex/letltxmacro\letltxmacro.sty
Package: letltxmacro 2019/12/03 v1.6 Let assignment for LaTeX macros (HO)
) (C:\Users\shahm\AppData\Roaming\MiKTeX\tex/latex/auxhook\auxhook.sty
Package: auxhook 2019-12-17 v1.6 Hooks for auxiliary files (HO)
) (C:\Users\shahm\AppData\Roaming\MiKTeX\tex/latex/kvoptions\kvoptions.sty
Package: kvoptions 2020-10-07 v3.14 Key value format for package options (HO)
)
\@linkdim=\dimen151
\Hy@linkcounter=\count266
\Hy@pagecounter=\count267
 (C:\Program Files\MiKTeX\tex/latex/hyperref\pd1enc.def
File: pd1enc.def 2022-02-21 v7.00n Hyperref: PDFDocEncoding definition (HO)
Now handling font encoding PD1 ...
... no UTF-8 mapping file for font encoding PD1
) (C:\Users\shahm\AppData\Roaming\MiKTeX\tex/generic/intcalc\intcalc.sty
Package: intcalc 2019/12/15 v1.3 Expandable calculations with integers (HO)
) (C:\Users\shahm\AppData\Roaming\MiKTeX\tex/generic/etexcmds\etexcmds.sty
Package: etexcmds 2019/12/15 v1.7 Avoid name clashes with e-TeX commands (HO)
)
\Hy@SavedSpaceFactor=\count268
 (C:\Program Files\MiKTeX\tex/latex/hyperref\puenc.def
File: puenc.def 2022-02-21 v7.00n Hyperref: PDF Unicode definition (HO)
Now handling font encoding PU ...
... no UTF-8 mapping file for font encoding PU
)
Package hyperref Info: Option `unicode' set `true' on input line 4018.
Package hyperref Info: Hyper figures OFF on input line 4137.
Package hyperref Info: Link nesting OFF on input line 4142.
Package hyperref Info: Hyper index ON on input line 4145.
Package hyperref Info: Plain pages OFF on input line 4152.
Package hyperref Info: Backreferencing OFF on input line 4157.
Package hyperref Info: Implicit mode ON; LaTeX internals redefined.
Package hyperref Info: Bookmarks ON on input line 4390.
\c@Hy@tempcnt=\count269
LaTeX Info: Redefining \url on input line 4749.
\XeTeXLinkMargin=\dimen152
 (C:\Users\shahm\AppData\Roaming\MiKTeX\tex/generic/bitset\bitset.sty
Package: bitset 2019/12/09 v1.3 Handle bit-vector datatype (HO)
 (C:\Users\shahm\AppData\Roaming\MiKTeX\tex/generic/bigintcalc\bigintcalc.sty
Package: bigintcalc 2019/12/15 v1.5 Expandable calculations on big integers (HO)
))
\Fld@menulength=\count270
\Field@Width=\dimen153
\Fld@charsize=\dimen154
Package hyperref Info: Hyper figures OFF on input line 6027.
Package hyperref Info: Link nesting OFF on input line 6032.
Package hyperref Info: Hyper index ON on input line 6035.
Package hyperref Info: backreferencing OFF on input line 6042.
Package hyperref Info: Link coloring OFF on input line 6047.
Package hyperref Info: Link coloring with OCG OFF on input line 6052.
Package hyperref Info: PDF/A mode OFF on input line 6057.
LaTeX Info: Redefining \ref on input line 6097.
LaTeX Info: Redefining \pageref on input line 6101.
 (C:\Program Files\MiKTeX\tex/latex/base\atbegshi-ltx.sty
Package: atbegshi-ltx 2021/01/10 v1.0c Emulation of the original atbegshi
package with kernel methods
)
\Hy@abspage=\count271
\c@Item=\count272
\c@Hfootnote=\count273
)
Package hyperref Info: Driver (autodetected): hpdftex.
 (C:\Program Files\MiKTeX\tex/latex/hyperref\hpdftex.def
File: hpdftex.def 2022-02-21 v7.00n Hyperref driver for pdfTeX
 (C:\Program Files\MiKTeX\tex/latex/base\atveryend-ltx.sty
Package: atveryend-ltx 2020/08/19 v1.0a Emulation of the original atveryend package
with kernel methods
)
\Fld@listcount=\count274
\c@bookmark@seq@number=\count275
 (C:\Users\shahm\AppData\Roaming\MiKTeX\tex/latex/rerunfilecheck\rerunfilecheck.sty
Package: rerunfilecheck 2019/12/05 v1.9 Rerun checks for auxiliary files (HO)
 (C:\Users\shahm\AppData\Roaming\MiKTeX\tex/generic/uniquecounter\uniquecounter.sty
Package: uniquecounter 2019/12/15 v1.4 Provide unlimited unique counter (HO)
)
Package uniquecounter Info: New unique counter `rerunfilecheck' on input line 286.
)
\Hy@SectionHShift=\skip75
)
Package hyperref Info: Option `colorlinks' set `true' on input line 39.
Package hyperref Info: Option `breaklinks' set `true' on input line 39.
Package hyperref Info: Option `bookmarksopen' set `true' on input line 39.
LaTeX Font Info:    Trying to load font information for T1+lmr on input line 39.
 (C:\Program Files\MiKTeX\tex/latex/lm\t1lmr.fd
File: t1lmr.fd 2009/10/30 v1.6 Font defs for Latin Modern
) (cv_7.aux)
\openout1 = `cv_7.aux'.

LaTeX Font Info:    Checking defaults for OML/cmm/m/it on input line 39.
LaTeX Font Info:    ... okay on input line 39.
LaTeX Font Info:    Checking defaults for OMS/cmsy/m/n on input line 39.
LaTeX Font Info:    ... okay on input line 39.
LaTeX Font Info:    Checking defaults for OT1/cmr/m/n on input line 39.
LaTeX Font Info:    ... okay on input line 39.
LaTeX Font Info:    Checking defaults for T1/cmr/m/n on input line 39.
LaTeX Font Info:    ... okay on input line 39.
LaTeX Font Info:    Checking defaults for TS1/cmr/m/n on input line 39.
LaTeX Font Info:    ... okay on input line 39.
LaTeX Font Info:    Checking defaults for OMX/cmex/m/n on input line 39.
LaTeX Font Info:    ... okay on input line 39.
LaTeX Font Info:    Checking defaults for U/cmr/m/n on input line 39.
LaTeX Font Info:    ... okay on input line 39.
LaTeX Font Info:    Checking defaults for PD1/pdf/m/n on input line 39.
LaTeX Font Info:    ... okay on input line 39.
LaTeX Font Info:    Checking defaults for PU/pdf/m/n on input line 39.
LaTeX Font Info:    ... okay on input line 39.
LaTeX Font Info:    Trying to load font information for T1+lmss on input line 39.
 (C:\Program Files\MiKTeX\tex/latex/lm\t1lmss.fd
File: t1lmss.fd 2009/10/30 v1.6 Font defs for Latin Modern
) (C:\Program Files\MiKTeX\tex/context/base/mkii\supp-pdf.mkii
[Loading MPS to PDF converter (version 2006.09.02).]
\scratchcounter=\count276
\scratchdimen=\dimen155
\scratchbox=\box55
\nofMPsegments=\count277
\nofMParguments=\count278
\everyMPshowfont=\toks23
\MPscratchCnt=\count279
\MPscratchDim=\dimen156
\MPnumerator=\count280
\makeMPintoPDFobject=\count281
\everyMPtoPDFconversion=\toks24
) (C:\Program Files\MiKTeX\tex/latex/epstopdf-pkg\epstopdf-base.sty
Package: epstopdf-base 2020-01-24 v2.11 Base part for package epstopdf
Package epstopdf-base Info: Redefining graphics rule for `.eps' on input line 485.
 (C:\Program Files\MiKTeX\tex/latex/00miktex\epstopdf-sys.cfg
File: epstopdf-sys.cfg 2021/03/18 v2.0 Configuration of epstopdf for MiKTeX
))
LaTeX Info: Redefining \microtypecontext on input line 39.
Package microtype Info: Applying patch `item' on input line 39.
Package microtype Info: Applying patch `toc' on input line 39.
Package microtype Info: Applying patch `eqnum' on input line 39.
Package microtype Info: Applying patch `footnote' on input line 39.
Package microtype Info: Generating PDF output.
Package microtype Info: Character protrusion enabled (level 2).
Package microtype Info: Using default protrusion set `alltext'.
Package microtype Info: Automatic font expansion enabled (level 2),
(microtype)             stretch: 20, shrink: 20, step: 1, non-selected.
Package microtype Info: Using default expansion set `alltext-nott'.
LaTeX Info: Redefining \showhyphens on input line 39.
Package microtype Info: No adjustment of tracking.
Package microtype Info: No adjustment of interword spacing.
Package microtype Info: No adjustment of character kerning.
Package microtype Info: Loading generic protrusion settings for font family
(microtype)             `lmss' (encoding: T1).
(microtype)             For optimal results, create family-specific settings.
(microtype)             See the microtype manual for details.

*geometry* driver: auto-detecting
*geometry* detected driver: pdftex
*geometry* verbose mode - [ preamble ] result:
* driver: pdftex
* paper: a4paper
* layout: <same size as paper>
* layoutoffset:(h,v)=(0.0pt,0.0pt)
* modes: 
* h-part:(L,W,R)=(50.78763pt, 495.93262pt, 50.78763pt)
* v-part:(T,H,B)=(57.46255pt, 701.39043pt, 86.19386pt)
* \paperwidth=597.50787pt
* \paperheight=845.04684pt
* \textwidth=495.93262pt
* \textheight=701.39043pt
* \oddsidemargin=-21.48236pt
* \evensidemargin=-21.48236pt
* \topmargin=-51.80743pt
* \headheight=12.0pt
* \headsep=25.0pt
* \topskip=11.0pt
* \footskip=30.0pt
* \marginparwidth=50.0pt
* \marginparsep=10.0pt
* \columnsep=10.0pt
* \skip\footins=10.0pt plus 4.0pt minus 2.0pt
* \hoffset=0.0pt
* \voffset=0.0pt
* \mag=1000
* \@twocolumnfalse
* \@twosidefalse
* \@mparswitchfalse
* \@reversemarginfalse
* (1in=72.27pt=25.4mm, 1cm=28.453pt)

Package hyperref Info: Link coloring ON on input line 39.
(C:\Program Files\MiKTeX\tex/latex/hyperref\nameref.sty
Package: nameref 2021-04-02 v2.47 Cross-referencing by name of section
 (C:\Users\shahm\AppData\Roaming\MiKTeX\tex/latex/refcount\refcount.sty
Package: refcount 2019/12/15 v3.6 Data extraction from label references (HO)
) (C:\Users\shahm\AppData\Roaming\MiKTeX\tex/generic/gettitlestring\gettitlestring.sty
Package: gettitlestring 2019/12/15 v1.6 Cleanup title references (HO)
)
\c@section@level=\count282
)
LaTeX Info: Redefining \ref on input line 39.
LaTeX Info: Redefining \pageref on input line 39.
LaTeX Info: Redefining \nameref on input line 39.
 (cv_7.out) (cv_7.out)
\@outlinefile=\write3
\openout3 = `cv_7.out'.

\pagenumberwidth=\skip76
LaTeX Font Info:    Font shape `T1/lmss/m/it' in size <10.95> not available
(Font)              Font shape `T1/lmss/m/sl' tried instead on input line 39.
\makecvtitlepicturebox=\box56
\makecvtitlepicturewidth=\skip77

Underfull \hbox (badness 10000) in paragraph at lines 41--41

 []

LaTeX Font Info:    Trying to load font information for OT1+lmr on input line 49.
(C:\Program Files\MiKTeX\tex/latex/lm\ot1lmr.fd
File: ot1lmr.fd 2009/10/30 v1.6 Font defs for Latin Modern
) (C:\Users\shahm\AppData\Roaming\MiKTeX\tex/latex/microtype\mt-cmr.cfg
File: mt-cmr.cfg 2013/05/19 v2.2 microtype config. file: Computer Modern Roman (RS)
)
LaTeX Font Info:    Trying to load font information for OML+lmm on input line 49.
 (C:\Program Files\MiKTeX\tex/latex/lm\omllmm.fd
File: omllmm.fd 2009/10/30 v1.6 Font defs for Latin Modern
)
LaTeX Font Info:    Trying to load font information for OMS+lmsy on input line 49.
 (C:\Program Files\MiKTeX\tex/latex/lm\omslmsy.fd
File: omslmsy.fd 2009/10/30 v1.6 Font defs for Latin Modern
)
LaTeX Font Info:    Trying to load font information for OMX+lmex on input line 49.
 (C:\Program Files\MiKTeX\tex/latex/lm\omxlmex.fd
File: omxlmex.fd 2009/10/30 v1.6 Font defs for Latin Modern
)
LaTeX Font Info:    External font `lmex10' loaded for size
(Font)              <10.95> on input line 49.
LaTeX Font Info:    External font `lmex10' loaded for size
(Font)              <8> on input line 49.
LaTeX Font Info:    External font `lmex10' loaded for size
(Font)              <6> on input line 49.
 [1

{C:/Users/shahm/AppData/Local/MiKTeX/fonts/map/pdftex/pdftex.map}]

LaTeX Font Warning: Font shape `T1/lmss/m/sc' in size <10.95> not available
(Font)              Font shape `T1/lmr/m/sc' tried instead on input line 151.

Package microtype Info: Character `029' is missing
(microtype)             in font `T1/lmr/m/sc/10.95'.
(microtype)             Ignoring protrusion settings for this character.

LaTeX Font Warning: Font shape `T1/lmss/m/sc' in size <8> not available
(Font)              Font shape `T1/lmr/m/sc' tried instead on input line 156.

Package microtype Info: Character `029' is missing
(microtype)             in font `T1/lmr/m/sc/8'.
(microtype)             Ignoring protrusion settings for this character.
[2] [3] (cv_7.aux)
Package rerunfilecheck Info: File `cv_7.out' has not changed.
(rerunfilecheck)             Checksum: 1A3CF8357E53B18FE88DEC667F8A423E;1183.
 ) 
Here is how much of TeX's memory you used:
 12897 strings out of 478582
 212294 string characters out of 2854160
 646583 words of memory out of 3000000
 30781 multiletter control sequences out of 15000+600000
 520330 words of font info for 93 fonts, out of 8000000 for 9000
 1141 hyphenation exceptions out of 8191
 70i,13n,83p,1046b,340s stack positions out of 10000i,1000n,20000p,200000b,80000s
{C:/Program Files/MiKTeX/fonts/enc/dvips/lm/lm-ec.enc}<C:/Program Files/MiKTeX/fonts/type1/public/lm/lmcsc10.pfb><C:/Program Files/MiKTeX/fonts/type1/public/lm/lmss10.pfb><C:/Program Files/MiKTeX/fonts/type1/public/lm/lmss12.pfb><C:/Program Files/MiKTeX/fonts/type1/public/lm/lmss17.pfb><C:/Program Files/MiKTeX/fonts/type1/public/lm/lmssbx10.pfb><C:/Program Files/MiKTeX/fonts/type1/public/lm/lmsso10.pfb><C:/Program Files/MiKTeX/fonts/type1/public/lm/lmsso17.pfb>
Output written on cv_7.pdf (3 pages, 178900 bytes).
PDF statistics:
 121 PDF objects out of 1000 (max. 8388607)
 14 named destinations out of 1000 (max. 500000)
 28753 words of extra memory for PDF output out of 29859 (max. 10000000)

